<?xml version="1.0" encoding="UTF-8"?>
<testsuite name="edu.mum.coffee.OrderServiceTest" time="4.587" tests="6" errors="0" skipped="0" failures="0">
  <properties>
[...]
</properties>
  <testcase name="testFindByPerson" classname="edu.mum.coffee.OrderServiceTest" time="1.521"/>
  <testcase name="testFindByProduct" classname="edu.mum.coffee.OrderServiceTest" time="0.633"/>
  <testcase name="testFindAll" classname="edu.mum.coffee.OrderServiceTest" time="0.66"/>
  <testcase name="testSave" classname="edu.mum.coffee.OrderServiceTest" time="0.638"/>
  <testcase name="testFindByDate" classname="edu.mum.coffee.OrderServiceTest" time="0.615"/>
  <testcase name="testFindById" classname="edu.mum.coffee.OrderServiceTest" time="0.52"/>
</testsuite>